<?xml version="1.0" encoding="UTF-8"?>
<!-- Generated by org.testng.reporters.JUnitXMLReporter -->
<testsuite ignored="0" hostname="HATI-SDG00096" failures="1" tests="2" name="Phlebotomy_Printand_submit_Pending_Dispatched_Dispatched_same_unit_Reprint" time="35.751" errors="0" timestamp="2024-09-11T11:33:09 IST">
  <testcase classname="LabTest.Phlebotomy_Printand_submit_Pending_Dispatched_Dispatched_same_unit_Reprint" name="TC_01_verify_That_User_Is_Able_To_Login_MedcareApplication" time="12.171"/>
  <testcase classname="LabTest.Phlebotomy_Printand_submit_Pending_Dispatched_Dispatched_same_unit_Reprint" name="TC_04_Verify_That_User_Is_Able_Fill_The_Basic_Information_To_Registration_Page" time="9.193">
    <failure type="org.openqa.selenium.ElementClickInterceptedException" message="element click intercepted: Element &amp;lt;mat-icon _ngcontent-tqu-c233=&amp;quot;&amp;quot; role=&amp;quot;img&amp;quot; aria-haspopup=&amp;quot;true&amp;quot; mattooltip=&amp;quot;Menu&amp;quot; class=&amp;quot;mat-icon notranslate mat-tooltip-trigger mat-menu-trigger color-white menuModules mx-2 material-icons mat-icon-no-color&amp;quot; aria-hidden=&amp;quot;true&amp;quot; ng-reflect-message=&amp;quot;Menu&amp;quot; aria-describedby=&amp;quot;cdk-describedby-message-2&amp;quot; cdk-describedby-host=&amp;quot;0&amp;quot; ng-reflect-menu=&amp;quot;[object Object]&amp;quot; data-mat-icon-type=&amp;quot;font&amp;quot;&amp;gt;...&amp;lt;/mat-icon&amp;gt; is not clickable at point (1069, 36). Other element would receive the click: &amp;lt;div _ngcontent-tqu-c401=&amp;quot;&amp;quot; class=&amp;quot;ngx-overlay loading-foreground&amp;quot; style=&amp;quot;background-color: rgba(255, 255, 255, 0.29); border-radius: 0px;&amp;quot;&amp;gt;...&amp;lt;/div&amp;gt;
  (Session info: chrome=124.0.6367.119)
Build info: version: &amp;apos;4.20.0&amp;apos;, revision: &amp;apos;866c76ca80&amp;apos;
System info: os.name: &amp;apos;Windows 10&amp;apos;, os.arch: &amp;apos;amd64&amp;apos;, os.version: &amp;apos;10.0&amp;apos;, java.version: &amp;apos;21.0.2&amp;apos;
Driver info: org.openqa.selenium.chrome.ChromeDriver
Command: [7987f538d6ccd7953e1d2bd9ff574780, clickElement {id=f.A0174B3434A1F66C88D60291821E7DDE.d.6CC4D7EDB722B42E7A093B66492DA5F5.e.100}]
Capabilities {acceptInsecureCerts: false, browserName: chrome, browserVersion: 124.0.6367.119, chrome: {chromedriverVersion: 124.0.6367.207 (a9001a6e39f..., userDataDir: C:\Users\Kamlakar\AppData\L...}, fedcm:accounts: true, goog:chromeOptions: {debuggerAddress: localhost:60444}, networkConnectionEnabled: false, pageLoadStrategy: normal, platformName: windows, proxy: Proxy(), se:cdp: ws://localhost:60444/devtoo..., se:cdpVersion: 124.0.6367.119, setWindowRect: true, strictFileInteractability: false, timeouts: {implicit: 0, pageLoad: 300000, script: 30000}, unhandledPromptBehavior: dismiss and notify, webauthn:extension:credBlob: true, webauthn:extension:largeBlob: true, webauthn:extension:minPinLength: true, webauthn:extension:prf: true, webauthn:virtualAuthenticators: true}
Element: [[ChromeDriver: chrome on windows (7987f538d6ccd7953e1d2bd9ff574780)] -&amp;gt; xpath: /html/body/app-root/app-layout/ng-sidebar-container/div/div/app-header/nav/mat-icon[1]]
Session ID: 7987f538d6ccd7953e1d2bd9ff574780">
      <![CDATA[org.openqa.selenium.ElementClickInterceptedException: element click intercepted: Element <mat-icon _ngcontent-tqu-c233="" role="img" aria-haspopup="true" mattooltip="Menu" class="mat-icon notranslate mat-tooltip-trigger mat-menu-trigger color-white menuModules mx-2 material-icons mat-icon-no-color" aria-hidden="true" ng-reflect-message="Menu" aria-describedby="cdk-describedby-message-2" cdk-describedby-host="0" ng-reflect-menu="[object Object]" data-mat-icon-type="font">...</mat-icon> is not clickable at point (1069, 36). Other element would receive the click: <div _ngcontent-tqu-c401="" class="ngx-overlay loading-foreground" style="background-color: rgba(255, 255, 255, 0.29); border-radius: 0px;">...</div>
  (Session info: chrome=124.0.6367.119)
Build info: version: '4.20.0', revision: '866c76ca80'
System info: os.name: 'Windows 10', os.arch: 'amd64', os.version: '10.0', java.version: '21.0.2'
Driver info: org.openqa.selenium.chrome.ChromeDriver
Command: [7987f538d6ccd7953e1d2bd9ff574780, clickElement {id=f.A0174B3434A1F66C88D60291821E7DDE.d.6CC4D7EDB722B42E7A093B66492DA5F5.e.100}]
Capabilities {acceptInsecureCerts: false, browserName: chrome, browserVersion: 124.0.6367.119, chrome: {chromedriverVersion: 124.0.6367.207 (a9001a6e39f..., userDataDir: C:\Users\Kamlakar\AppData\L...}, fedcm:accounts: true, goog:chromeOptions: {debuggerAddress: localhost:60444}, networkConnectionEnabled: false, pageLoadStrategy: normal, platformName: windows, proxy: Proxy(), se:cdp: ws://localhost:60444/devtoo..., se:cdpVersion: 124.0.6367.119, setWindowRect: true, strictFileInteractability: false, timeouts: {implicit: 0, pageLoad: 300000, script: 30000}, unhandledPromptBehavior: dismiss and notify, webauthn:extension:credBlob: true, webauthn:extension:largeBlob: true, webauthn:extension:minPinLength: true, webauthn:extension:prf: true, webauthn:virtualAuthenticators: true}
Element: [[ChromeDriver: chrome on windows (7987f538d6ccd7953e1d2bd9ff574780)] -> xpath: /html/body/app-root/app-layout/ng-sidebar-container/div/div/app-header/nav/mat-icon[1]]
Session ID: 7987f538d6ccd7953e1d2bd9ff574780
at org.openqa.selenium.remote.ErrorCodec.decode(ErrorCodec.java:167)
at org.openqa.selenium.remote.codec.w3c.W3CHttpResponseCodec.decode(W3CHttpResponseCodec.java:138)
at org.openqa.selenium.remote.codec.w3c.W3CHttpResponseCodec.decode(W3CHttpResponseCodec.java:50)
at org.openqa.selenium.remote.HttpCommandExecutor.execute(HttpCommandExecutor.java:190)
at org.openqa.selenium.remote.service.DriverCommandExecutor.invokeExecute(DriverCommandExecutor.java:216)
at org.openqa.selenium.remote.service.DriverCommandExecutor.execute(DriverCommandExecutor.java:174)
at org.openqa.selenium.remote.RemoteWebDriver.execute(RemoteWebDriver.java:518)
at org.openqa.selenium.remote.RemoteWebElement.execute(RemoteWebElement.java:223)
at org.openqa.selenium.remote.RemoteWebElement.click(RemoteWebElement.java:76)
at LabPages.Dispatched_same_unit_Cancel3.OPD_REGISTRATION(Dispatched_same_unit_Cancel3.java:364)
at LabTest.Phlebotomy_Printand_submit_Pending_Dispatched_Dispatched_same_unit_Reprint.TC_04_Verify_That_User_Is_Able_Fill_The_Basic_Information_To_Registration_Page(Phlebotomy_Printand_submit_Pending_Dispatched_Dispatched_same_unit_Reprint.java:76)
at java.base/java.util.ArrayList.forEach(ArrayList.java:1596)
... Removed 29 stack frames]]>
    </failure>
  </testcase> <!-- TC_04_Verify_That_User_Is_Able_Fill_The_Basic_Information_To_Registration_Page -->
</testsuite> <!-- Phlebotomy_Printand_submit_Pending_Dispatched_Dispatched_same_unit_Reprint -->
