<?xml version="1.0" encoding="UTF-8"?>
<!-- Generated by org.testng.reporters.JUnitXMLReporter -->
<testsuite ignored="0" hostname="HATI-SDG00096" failures="1" tests="2" name="IP_Patient_NonOT_Procudure_Conduct_Notes_Mark_Conducted_PastVistis_Print_Summery_Test" time="110.091" errors="0" timestamp="2024-10-17T16:34:27 SGT">
  <testcase classname="ClinicareTest2.IP_Patient_NonOT_Procudure_Conduct_Notes_Mark_Conducted_PastVistis_Print_Summery_Test" name="TC_01_verify_That_User_Is_Able_To_Login_MedcareApplication" time="2.928"/>
  <testcase classname="ClinicareTest2.IP_Patient_NonOT_Procudure_Conduct_Notes_Mark_Conducted_PastVistis_Print_Summery_Test" name="TC_02_User_Can_Do_IP_Patient_NonOT_Procudure_Conduct_Notes_Mark_Conducted_PastVistis_PrintSummery" time="77.071">
    <failure type="org.openqa.selenium.NoSuchElementException" message="no such element: Unable to locate element: {&amp;quot;method&amp;quot;:&amp;quot;xpath&amp;quot;,&amp;quot;selector&amp;quot;:&amp;quot;//*[@id=&amp;apos;this.topType == 1 &amp;amp;&amp;amp; !this.searchingItem ? myTop : this.dataProvider&amp;apos;]&amp;quot;}
  (Session info: chrome=124.0.6367.119)
For documentation on this error, please visit: https://www.selenium.dev/documentation/webdriver/troubleshooting/errors#no-such-element-exception
Build info: version: &amp;apos;4.20.0&amp;apos;, revision: &amp;apos;866c76ca80&amp;apos;
System info: os.name: &amp;apos;Windows 10&amp;apos;, os.arch: &amp;apos;amd64&amp;apos;, os.version: &amp;apos;10.0&amp;apos;, java.version: &amp;apos;21.0.2&amp;apos;
Driver info: org.openqa.selenium.chrome.ChromeDriver
Command: [655a71f8d03c84540db8bb2bf20fd554, findElement {value=//*[@id=&amp;apos;this.topType == 1 &amp;amp;&amp;amp; !this.searchingItem ? myTop : this.dataProvider&amp;apos;], using=xpath}]
Capabilities {acceptInsecureCerts: false, browserName: chrome, browserVersion: 124.0.6367.119, chrome: {chromedriverVersion: 124.0.6367.207 (a9001a6e39f..., userDataDir: C:\Users\Kamlakar\AppData\L...}, fedcm:accounts: true, goog:chromeOptions: {debuggerAddress: localhost:49304}, networkConnectionEnabled: false, pageLoadStrategy: normal, platformName: windows, proxy: Proxy(), se:cdp: ws://localhost:49304/devtoo..., se:cdpVersion: 124.0.6367.119, setWindowRect: true, strictFileInteractability: false, timeouts: {implicit: 0, pageLoad: 300000, script: 30000}, unhandledPromptBehavior: dismiss and notify, webauthn:extension:credBlob: true, webauthn:extension:largeBlob: true, webauthn:extension:minPinLength: true, webauthn:extension:prf: true, webauthn:virtualAuthenticators: true}
Session ID: 655a71f8d03c84540db8bb2bf20fd554">
      <![CDATA[org.openqa.selenium.NoSuchElementException: no such element: Unable to locate element: {"method":"xpath","selector":"//*[@id='this.topType == 1 && !this.searchingItem ? myTop : this.dataProvider']"}
  (Session info: chrome=124.0.6367.119)
For documentation on this error, please visit: https://www.selenium.dev/documentation/webdriver/troubleshooting/errors#no-such-element-exception
Build info: version: '4.20.0', revision: '866c76ca80'
System info: os.name: 'Windows 10', os.arch: 'amd64', os.version: '10.0', java.version: '21.0.2'
Driver info: org.openqa.selenium.chrome.ChromeDriver
Command: [655a71f8d03c84540db8bb2bf20fd554, findElement {value=//*[@id='this.topType == 1 && !this.searchingItem ? myTop : this.dataProvider'], using=xpath}]
Capabilities {acceptInsecureCerts: false, browserName: chrome, browserVersion: 124.0.6367.119, chrome: {chromedriverVersion: 124.0.6367.207 (a9001a6e39f..., userDataDir: C:\Users\Kamlakar\AppData\L...}, fedcm:accounts: true, goog:chromeOptions: {debuggerAddress: localhost:49304}, networkConnectionEnabled: false, pageLoadStrategy: normal, platformName: windows, proxy: Proxy(), se:cdp: ws://localhost:49304/devtoo..., se:cdpVersion: 124.0.6367.119, setWindowRect: true, strictFileInteractability: false, timeouts: {implicit: 0, pageLoad: 300000, script: 30000}, unhandledPromptBehavior: dismiss and notify, webauthn:extension:credBlob: true, webauthn:extension:largeBlob: true, webauthn:extension:minPinLength: true, webauthn:extension:prf: true, webauthn:virtualAuthenticators: true}
Session ID: 655a71f8d03c84540db8bb2bf20fd554
at org.openqa.selenium.remote.ErrorCodec.decode(ErrorCodec.java:167)
at org.openqa.selenium.remote.codec.w3c.W3CHttpResponseCodec.decode(W3CHttpResponseCodec.java:138)
at org.openqa.selenium.remote.codec.w3c.W3CHttpResponseCodec.decode(W3CHttpResponseCodec.java:50)
at org.openqa.selenium.remote.HttpCommandExecutor.execute(HttpCommandExecutor.java:190)
at org.openqa.selenium.remote.service.DriverCommandExecutor.invokeExecute(DriverCommandExecutor.java:216)
at org.openqa.selenium.remote.service.DriverCommandExecutor.execute(DriverCommandExecutor.java:174)
at org.openqa.selenium.remote.RemoteWebDriver.execute(RemoteWebDriver.java:518)
at org.openqa.selenium.remote.ElementLocation$ElementFinder$2.findElement(ElementLocation.java:165)
at org.openqa.selenium.remote.ElementLocation.findElement(ElementLocation.java:59)
at org.openqa.selenium.remote.RemoteWebDriver.findElement(RemoteWebDriver.java:355)
at org.openqa.selenium.remote.RemoteWebDriver.findElement(RemoteWebDriver.java:349)
at ClinicarePage2.IP_Patient_NonOT_Procudure_Conduct_Notes_Mark_Conducted_PastVistis_Print_Summery.No_OT_procedure_PrintSummery(IP_Patient_NonOT_Procudure_Conduct_Notes_Mark_Conducted_PastVistis_Print_Summery.java:132)
at ClinicareTest2.IP_Patient_NonOT_Procudure_Conduct_Notes_Mark_Conducted_PastVistis_Print_Summery_Test.TC_02_User_Can_Do_IP_Patient_NonOT_Procudure_Conduct_Notes_Mark_Conducted_PastVistis_PrintSummery(IP_Patient_NonOT_Procudure_Conduct_Notes_Mark_Conducted_PastVistis_Print_Summery_Test.java:42)
at java.base/java.util.ArrayList.forEach(ArrayList.java:1596)
... Removed 29 stack frames]]>
    </failure>
  </testcase> <!-- TC_02_User_Can_Do_IP_Patient_NonOT_Procudure_Conduct_Notes_Mark_Conducted_PastVistis_PrintSummery -->
</testsuite> <!-- IP_Patient_NonOT_Procudure_Conduct_Notes_Mark_Conducted_PastVistis_Print_Summery_Test -->
