<?xml version="1.0" encoding="UTF-8"?>
<!-- Generated by org.testng.reporters.JUnitXMLReporter -->
<testsuite ignored="0" hostname="HATI-SDG00096" failures="1" tests="2" name="IP_Patient_NonOT_Procudure_Conduct_Notes_Mark_Conducted_PastVistis_Test" time="118.88" errors="0" timestamp="2024-10-17T16:36:29 SGT">
  <testcase classname="ClinicareTest2.IP_Patient_NonOT_Procudure_Conduct_Notes_Mark_Conducted_PastVistis_Test" name="TC_01_verify_That_User_Is_Able_To_Login_MedcareApplication" time="3.127"/>
  <testcase classname="ClinicareTest2.IP_Patient_NonOT_Procudure_Conduct_Notes_Mark_Conducted_PastVistis_Test" name="TC_02_User_Can_Do_IP_Patient_NonOT_Procudure_Conduct_Notes_Mark_Conducted_PastVistis_Test" time="81.947">
    <failure type="org.openqa.selenium.ElementClickInterceptedException" message="element click intercepted: Element &amp;lt;button pripple=&amp;quot;&amp;quot; class=&amp;quot;p-ripple p-element p-button-outlined p-button-rounded p-button p-component&amp;quot; type=&amp;quot;button&amp;quot; data-pc-name=&amp;quot;button&amp;quot; data-pc-section=&amp;quot;root&amp;quot;&amp;gt;...&amp;lt;/button&amp;gt; is not clickable at point (1087, 159). Other element would receive the click: &amp;lt;div _ngcontent-ng-c2911272405=&amp;quot;&amp;quot; class=&amp;quot;p-2&amp;quot; style=&amp;quot;background-color: whitesmoke; min-height: 100%;&amp;quot;&amp;gt;...&amp;lt;/div&amp;gt;
  (Session info: chrome=124.0.6367.119)
Build info: version: &amp;apos;4.20.0&amp;apos;, revision: &amp;apos;866c76ca80&amp;apos;
System info: os.name: &amp;apos;Windows 10&amp;apos;, os.arch: &amp;apos;amd64&amp;apos;, os.version: &amp;apos;10.0&amp;apos;, java.version: &amp;apos;21.0.2&amp;apos;
Driver info: org.openqa.selenium.chrome.ChromeDriver
Command: [4a2c4d6e6de58dd174da2fb1b14eea36, clickElement {id=f.DB6F7F54E5BD51340EB430AD4A29DAF3.d.F57FC458F763E14A3767EB66C1E155D5.e.495}]
Capabilities {acceptInsecureCerts: false, browserName: chrome, browserVersion: 124.0.6367.119, chrome: {chromedriverVersion: 124.0.6367.207 (a9001a6e39f..., userDataDir: C:\Users\Kamlakar\AppData\L...}, fedcm:accounts: true, goog:chromeOptions: {debuggerAddress: localhost:49491}, networkConnectionEnabled: false, pageLoadStrategy: normal, platformName: windows, proxy: Proxy(), se:cdp: ws://localhost:49491/devtoo..., se:cdpVersion: 124.0.6367.119, setWindowRect: true, strictFileInteractability: false, timeouts: {implicit: 0, pageLoad: 300000, script: 30000}, unhandledPromptBehavior: dismiss and notify, webauthn:extension:credBlob: true, webauthn:extension:largeBlob: true, webauthn:extension:minPinLength: true, webauthn:extension:prf: true, webauthn:virtualAuthenticators: true}
Element: [[ChromeDriver: chrome on windows (4a2c4d6e6de58dd174da2fb1b14eea36)] -&amp;gt; xpath: /html/body/app-root/app-main/div/div[2]/div/app-patient-casesheet/div/div[1]/span/app-patient-banner/div/div[4]/div/table/tbody/tr[2]/td[1]/p-button/button]
Session ID: 4a2c4d6e6de58dd174da2fb1b14eea36">
      <![CDATA[org.openqa.selenium.ElementClickInterceptedException: element click intercepted: Element <button pripple="" class="p-ripple p-element p-button-outlined p-button-rounded p-button p-component" type="button" data-pc-name="button" data-pc-section="root">...</button> is not clickable at point (1087, 159). Other element would receive the click: <div _ngcontent-ng-c2911272405="" class="p-2" style="background-color: whitesmoke; min-height: 100%;">...</div>
  (Session info: chrome=124.0.6367.119)
Build info: version: '4.20.0', revision: '866c76ca80'
System info: os.name: 'Windows 10', os.arch: 'amd64', os.version: '10.0', java.version: '21.0.2'
Driver info: org.openqa.selenium.chrome.ChromeDriver
Command: [4a2c4d6e6de58dd174da2fb1b14eea36, clickElement {id=f.DB6F7F54E5BD51340EB430AD4A29DAF3.d.F57FC458F763E14A3767EB66C1E155D5.e.495}]
Capabilities {acceptInsecureCerts: false, browserName: chrome, browserVersion: 124.0.6367.119, chrome: {chromedriverVersion: 124.0.6367.207 (a9001a6e39f..., userDataDir: C:\Users\Kamlakar\AppData\L...}, fedcm:accounts: true, goog:chromeOptions: {debuggerAddress: localhost:49491}, networkConnectionEnabled: false, pageLoadStrategy: normal, platformName: windows, proxy: Proxy(), se:cdp: ws://localhost:49491/devtoo..., se:cdpVersion: 124.0.6367.119, setWindowRect: true, strictFileInteractability: false, timeouts: {implicit: 0, pageLoad: 300000, script: 30000}, unhandledPromptBehavior: dismiss and notify, webauthn:extension:credBlob: true, webauthn:extension:largeBlob: true, webauthn:extension:minPinLength: true, webauthn:extension:prf: true, webauthn:virtualAuthenticators: true}
Element: [[ChromeDriver: chrome on windows (4a2c4d6e6de58dd174da2fb1b14eea36)] -> xpath: /html/body/app-root/app-main/div/div[2]/div/app-patient-casesheet/div/div[1]/span/app-patient-banner/div/div[4]/div/table/tbody/tr[2]/td[1]/p-button/button]
Session ID: 4a2c4d6e6de58dd174da2fb1b14eea36
at org.openqa.selenium.remote.ErrorCodec.decode(ErrorCodec.java:167)
at org.openqa.selenium.remote.codec.w3c.W3CHttpResponseCodec.decode(W3CHttpResponseCodec.java:138)
at org.openqa.selenium.remote.codec.w3c.W3CHttpResponseCodec.decode(W3CHttpResponseCodec.java:50)
at org.openqa.selenium.remote.HttpCommandExecutor.execute(HttpCommandExecutor.java:190)
at org.openqa.selenium.remote.service.DriverCommandExecutor.invokeExecute(DriverCommandExecutor.java:216)
at org.openqa.selenium.remote.service.DriverCommandExecutor.execute(DriverCommandExecutor.java:174)
at org.openqa.selenium.remote.RemoteWebDriver.execute(RemoteWebDriver.java:518)
at org.openqa.selenium.remote.RemoteWebElement.execute(RemoteWebElement.java:223)
at org.openqa.selenium.remote.RemoteWebElement.click(RemoteWebElement.java:76)
at ClinicarePage2.IP_Patient_NonOT_Procudure_Conduct_Notes_Mark_Conducted_PastVistis.No_OT_procedure(IP_Patient_NonOT_Procudure_Conduct_Notes_Mark_Conducted_PastVistis.java:138)
at ClinicareTest2.IP_Patient_NonOT_Procudure_Conduct_Notes_Mark_Conducted_PastVistis_Test.TC_02_User_Can_Do_IP_Patient_NonOT_Procudure_Conduct_Notes_Mark_Conducted_PastVistis_Test(IP_Patient_NonOT_Procudure_Conduct_Notes_Mark_Conducted_PastVistis_Test.java:42)
at java.base/java.util.ArrayList.forEach(ArrayList.java:1596)
... Removed 29 stack frames]]>
    </failure>
  </testcase> <!-- TC_02_User_Can_Do_IP_Patient_NonOT_Procudure_Conduct_Notes_Mark_Conducted_PastVistis_Test -->
</testsuite> <!-- IP_Patient_NonOT_Procudure_Conduct_Notes_Mark_Conducted_PastVistis_Test -->
