<?xml version="1.0" encoding="UTF-8"?>
<!-- Generated by org.testng.reporters.JUnitXMLReporter -->
<testsuite ignored="0" hostname="HATI-SDG00096" failures="1" tests="2" name="Result_validation_dashboard_Click_result_entry_Click_Retest_Enter_new_result_Save_Submit_Result_validation_approva_Report" time="119.884" errors="0" timestamp="2024-09-09T14:13:03 IST">
  <testcase classname="LabTest.Result_validation_dashboard_Click_result_entry_Click_Retest_Enter_new_result_Save_Submit_Result_validation_approva_Report" name="TC_01_verify_That_User_Is_Able_To_Login_MedcareApplication" time="16.944"/>
  <testcase classname="LabTest.Result_validation_dashboard_Click_result_entry_Click_Retest_Enter_new_result_Save_Submit_Result_validation_approva_Report" name="TC_04Result_validation_dashboard_Click_result_entry_Click_Retest_Enter_new_result_Save_Submit_Result_validation_approva_Report" time="71.446">
    <failure type="org.openqa.selenium.ElementNotInteractableException" message="element not interactable
  (Session info: chrome=124.0.6367.119)
Build info: version: &amp;apos;4.20.0&amp;apos;, revision: &amp;apos;866c76ca80&amp;apos;
System info: os.name: &amp;apos;Windows 10&amp;apos;, os.arch: &amp;apos;amd64&amp;apos;, os.version: &amp;apos;10.0&amp;apos;, java.version: &amp;apos;21.0.2&amp;apos;
Driver info: org.openqa.selenium.chrome.ChromeDriver
Command: [f03e200f7510e6f2aa6b5b7ec51df1b8, clickElement {id=f.96991CA71E4F01DF4F7EF78B037DA302.d.5984EA4247047530E944CC8ACFC50A0C.e.444}]
Capabilities {acceptInsecureCerts: false, browserName: chrome, browserVersion: 124.0.6367.119, chrome: {chromedriverVersion: 124.0.6367.207 (a9001a6e39f..., userDataDir: C:\Users\Kamlakar\AppData\L...}, fedcm:accounts: true, goog:chromeOptions: {debuggerAddress: localhost:53621}, networkConnectionEnabled: false, pageLoadStrategy: normal, platformName: windows, proxy: Proxy(), se:cdp: ws://localhost:53621/devtoo..., se:cdpVersion: 124.0.6367.119, setWindowRect: true, strictFileInteractability: false, timeouts: {implicit: 0, pageLoad: 300000, script: 30000}, unhandledPromptBehavior: dismiss and notify, webauthn:extension:credBlob: true, webauthn:extension:largeBlob: true, webauthn:extension:minPinLength: true, webauthn:extension:prf: true, webauthn:virtualAuthenticators: true}
Element: [[ChromeDriver: chrome on windows (f03e200f7510e6f2aa6b5b7ec51df1b8)] -&amp;gt; id: 2266302]
Session ID: f03e200f7510e6f2aa6b5b7ec51df1b8">
      <![CDATA[org.openqa.selenium.ElementNotInteractableException: element not interactable
  (Session info: chrome=124.0.6367.119)
Build info: version: '4.20.0', revision: '866c76ca80'
System info: os.name: 'Windows 10', os.arch: 'amd64', os.version: '10.0', java.version: '21.0.2'
Driver info: org.openqa.selenium.chrome.ChromeDriver
Command: [f03e200f7510e6f2aa6b5b7ec51df1b8, clickElement {id=f.96991CA71E4F01DF4F7EF78B037DA302.d.5984EA4247047530E944CC8ACFC50A0C.e.444}]
Capabilities {acceptInsecureCerts: false, browserName: chrome, browserVersion: 124.0.6367.119, chrome: {chromedriverVersion: 124.0.6367.207 (a9001a6e39f..., userDataDir: C:\Users\Kamlakar\AppData\L...}, fedcm:accounts: true, goog:chromeOptions: {debuggerAddress: localhost:53621}, networkConnectionEnabled: false, pageLoadStrategy: normal, platformName: windows, proxy: Proxy(), se:cdp: ws://localhost:53621/devtoo..., se:cdpVersion: 124.0.6367.119, setWindowRect: true, strictFileInteractability: false, timeouts: {implicit: 0, pageLoad: 300000, script: 30000}, unhandledPromptBehavior: dismiss and notify, webauthn:extension:credBlob: true, webauthn:extension:largeBlob: true, webauthn:extension:minPinLength: true, webauthn:extension:prf: true, webauthn:virtualAuthenticators: true}
Element: [[ChromeDriver: chrome on windows (f03e200f7510e6f2aa6b5b7ec51df1b8)] -> id: 2266302]
Session ID: f03e200f7510e6f2aa6b5b7ec51df1b8
at org.openqa.selenium.remote.ErrorCodec.decode(ErrorCodec.java:167)
at org.openqa.selenium.remote.codec.w3c.W3CHttpResponseCodec.decode(W3CHttpResponseCodec.java:138)
at org.openqa.selenium.remote.codec.w3c.W3CHttpResponseCodec.decode(W3CHttpResponseCodec.java:50)
at org.openqa.selenium.remote.HttpCommandExecutor.execute(HttpCommandExecutor.java:190)
at org.openqa.selenium.remote.service.DriverCommandExecutor.invokeExecute(DriverCommandExecutor.java:216)
at org.openqa.selenium.remote.service.DriverCommandExecutor.execute(DriverCommandExecutor.java:174)
at org.openqa.selenium.remote.RemoteWebDriver.execute(RemoteWebDriver.java:518)
at org.openqa.selenium.remote.RemoteWebElement.execute(RemoteWebElement.java:223)
at org.openqa.selenium.remote.RemoteWebElement.click(RemoteWebElement.java:76)
at LabPages.enter_media_observation_identificationsave2.Retest_in_Result_Validatione(enter_media_observation_identificationsave2.java:1940)
at LabTest.Result_validation_dashboard_Click_result_entry_Click_Retest_Enter_new_result_Save_Submit_Result_validation_approva_Report.TC_04Result_validation_dashboard_Click_result_entry_Click_Retest_Enter_new_result_Save_Submit_Result_validation_approva_Report(Result_validation_dashboard_Click_result_entry_Click_Retest_Enter_new_result_Save_Submit_Result_validation_approva_Report.java:85)
at java.base/java.util.ArrayList.forEach(ArrayList.java:1596)
... Removed 28 stack frames]]>
    </failure>
  </testcase> <!-- TC_04Result_validation_dashboard_Click_result_entry_Click_Retest_Enter_new_result_Save_Submit_Result_validation_approva_Report -->
</testsuite> <!-- Result_validation_dashboard_Click_result_entry_Click_Retest_Enter_new_result_Save_Submit_Result_validation_approva_Report -->
