<?xml version="1.0" encoding="UTF-8"?>
<!-- Generated by org.testng.reporters.JUnitXMLReporter -->
<testsuite ignored="0" hostname="HATI-SDG00096" failures="1" tests="2" name="ER_Registration_Primary_Survey" time="137.782" errors="0" timestamp="2024-10-17T15:05:09 SGT">
  <testcase classname="ClinicareTest.ER_Registration_Primary_Survey" name="TC_01_verify_That_User_Is_Able_To_Login_MedcareApplication" time="15.485"/>
  <testcase classname="ClinicareTest.ER_Registration_Primary_Survey" name="TC_02_ER_Registration_Primary_Survey" time="97.119">
    <failure type="org.openqa.selenium.ElementClickInterceptedException" message="element click intercepted: Element &amp;lt;img _ngcontent-ng-c869856101=&amp;quot;&amp;quot; style=&amp;quot;width: 22px; height: 22px; position: relative; background-color: #eff7f5; border-radius: 50%;&amp;quot; src=&amp;quot;assets/demo/images/icons/Current Multiaxial Diagnosis.svg&amp;quot; class=&amp;quot;ng-star-inserted&amp;quot;&amp;gt; is not clickable at point (277, 348). Other element would receive the click: &amp;lt;span class=&amp;quot;p-menuitem-text ng-star-inserted&amp;quot;&amp;gt;...&amp;lt;/span&amp;gt;
  (Session info: chrome=124.0.6367.119)
Build info: version: &amp;apos;4.20.0&amp;apos;, revision: &amp;apos;866c76ca80&amp;apos;
System info: os.name: &amp;apos;Windows 10&amp;apos;, os.arch: &amp;apos;amd64&amp;apos;, os.version: &amp;apos;10.0&amp;apos;, java.version: &amp;apos;21.0.2&amp;apos;
Driver info: org.openqa.selenium.chrome.ChromeDriver
Command: [93eaaf3818c031fb9788bbd1ba1ef114, clickElement {id=f.C6B5C64991B9BB4906005048E8C90CE1.d.CC80CCA6A857FEBA61F94324C7C84275.e.402}]
Capabilities {acceptInsecureCerts: false, browserName: chrome, browserVersion: 124.0.6367.119, chrome: {chromedriverVersion: 124.0.6367.207 (a9001a6e39f..., userDataDir: C:\Users\Kamlakar\AppData\L...}, fedcm:accounts: true, goog:chromeOptions: {debuggerAddress: localhost:58415}, networkConnectionEnabled: false, pageLoadStrategy: normal, platformName: windows, proxy: Proxy(), se:cdp: ws://localhost:58415/devtoo..., se:cdpVersion: 124.0.6367.119, setWindowRect: true, strictFileInteractability: false, timeouts: {implicit: 0, pageLoad: 300000, script: 30000}, unhandledPromptBehavior: dismiss and notify, webauthn:extension:credBlob: true, webauthn:extension:largeBlob: true, webauthn:extension:minPinLength: true, webauthn:extension:prf: true, webauthn:virtualAuthenticators: true}
Element: [[ChromeDriver: chrome on windows (93eaaf3818c031fb9788bbd1ba1ef114)] -&amp;gt; xpath: //p-table/div/div/table/tbody/tr[2]/td/img]
Session ID: 93eaaf3818c031fb9788bbd1ba1ef114">
      <![CDATA[org.openqa.selenium.ElementClickInterceptedException: element click intercepted: Element <img _ngcontent-ng-c869856101="" style="width: 22px; height: 22px; position: relative; background-color: #eff7f5; border-radius: 50%;" src="assets/demo/images/icons/Current Multiaxial Diagnosis.svg" class="ng-star-inserted"> is not clickable at point (277, 348). Other element would receive the click: <span class="p-menuitem-text ng-star-inserted">...</span>
  (Session info: chrome=124.0.6367.119)
Build info: version: '4.20.0', revision: '866c76ca80'
System info: os.name: 'Windows 10', os.arch: 'amd64', os.version: '10.0', java.version: '21.0.2'
Driver info: org.openqa.selenium.chrome.ChromeDriver
Command: [93eaaf3818c031fb9788bbd1ba1ef114, clickElement {id=f.C6B5C64991B9BB4906005048E8C90CE1.d.CC80CCA6A857FEBA61F94324C7C84275.e.402}]
Capabilities {acceptInsecureCerts: false, browserName: chrome, browserVersion: 124.0.6367.119, chrome: {chromedriverVersion: 124.0.6367.207 (a9001a6e39f..., userDataDir: C:\Users\Kamlakar\AppData\L...}, fedcm:accounts: true, goog:chromeOptions: {debuggerAddress: localhost:58415}, networkConnectionEnabled: false, pageLoadStrategy: normal, platformName: windows, proxy: Proxy(), se:cdp: ws://localhost:58415/devtoo..., se:cdpVersion: 124.0.6367.119, setWindowRect: true, strictFileInteractability: false, timeouts: {implicit: 0, pageLoad: 300000, script: 30000}, unhandledPromptBehavior: dismiss and notify, webauthn:extension:credBlob: true, webauthn:extension:largeBlob: true, webauthn:extension:minPinLength: true, webauthn:extension:prf: true, webauthn:virtualAuthenticators: true}
Element: [[ChromeDriver: chrome on windows (93eaaf3818c031fb9788bbd1ba1ef114)] -> xpath: //p-table/div/div/table/tbody/tr[2]/td/img]
Session ID: 93eaaf3818c031fb9788bbd1ba1ef114
at org.openqa.selenium.remote.ErrorCodec.decode(ErrorCodec.java:167)
at org.openqa.selenium.remote.codec.w3c.W3CHttpResponseCodec.decode(W3CHttpResponseCodec.java:138)
at org.openqa.selenium.remote.codec.w3c.W3CHttpResponseCodec.decode(W3CHttpResponseCodec.java:50)
at org.openqa.selenium.remote.HttpCommandExecutor.execute(HttpCommandExecutor.java:190)
at org.openqa.selenium.remote.service.DriverCommandExecutor.invokeExecute(DriverCommandExecutor.java:216)
at org.openqa.selenium.remote.service.DriverCommandExecutor.execute(DriverCommandExecutor.java:174)
at org.openqa.selenium.remote.RemoteWebDriver.execute(RemoteWebDriver.java:518)
at org.openqa.selenium.remote.RemoteWebElement.execute(RemoteWebElement.java:223)
at org.openqa.selenium.remote.RemoteWebElement.click(RemoteWebElement.java:76)
at ClinicarePages.ER_Registration_Primary_Surveyy.errs(ER_Registration_Primary_Surveyy.java:189)
at ClinicareTest.ER_Registration_Primary_Survey.TC_02_ER_Registration_Primary_Survey(ER_Registration_Primary_Survey.java:73)
at java.base/java.util.ArrayList.forEach(ArrayList.java:1596)
... Removed 29 stack frames]]>
    </failure>
  </testcase> <!-- TC_02_ER_Registration_Primary_Survey -->
</testsuite> <!-- ER_Registration_Primary_Survey -->
