<?xml version="1.0" encoding="UTF-8"?>
<!-- Generated by org.testng.reporters.JUnitXMLReporter -->
<testsuite ignored="0" hostname="HATI-SDG00096" failures="1" tests="2" name="Dispatch_screen_advanced_search" time="60.084" errors="0" timestamp="2024-09-09T12:16:19 IST">
  <testcase classname="LabTest.Result_Verification_Result_Approval_Print_worklist" name="TC_01_verify_That_User_Is_Able_To_Login_MedcareApplication" time="16.366"/>
  <testcase classname="LabTest.Result_Verification_Result_Approval_Print_worklist" name="TC_02_Result_Verification_Result_Approval_Print_worklist" time="12.901">
    <failure type="org.openqa.selenium.ElementClickInterceptedException" message="element click intercepted: Element &amp;lt;aside _ngcontent-low-c106=&amp;quot;&amp;quot; role=&amp;quot;complementary&amp;quot; class=&amp;quot;ng-sidebar ng-sidebar--opened ng-sidebar--left ng-sidebar--dock ng-sidebar--animate sidebar-panel&amp;quot; ng-reflect-ng-class=&amp;quot;sidebar-panel&amp;quot; ng-reflect-ng-style=&amp;quot;[object Object]&amp;quot; aria-hidden=&amp;quot;false&amp;quot;&amp;gt;...&amp;lt;/aside&amp;gt; is not clickable at point (40, 270). Other element would receive the click: &amp;lt;div _ngcontent-low-c401=&amp;quot;&amp;quot; class=&amp;quot;ngx-overlay loading-foreground&amp;quot; style=&amp;quot;background-color: rgba(255, 255, 255, 0.29); border-radius: 0px;&amp;quot;&amp;gt;...&amp;lt;/div&amp;gt;
  (Session info: chrome=124.0.6367.119)
Build info: version: &amp;apos;4.20.0&amp;apos;, revision: &amp;apos;866c76ca80&amp;apos;
System info: os.name: &amp;apos;Windows 10&amp;apos;, os.arch: &amp;apos;amd64&amp;apos;, os.version: &amp;apos;10.0&amp;apos;, java.version: &amp;apos;21.0.2&amp;apos;
Driver info: org.openqa.selenium.chrome.ChromeDriver
Command: [e9736c47cf5c33f0b8dccae331827cf8, clickElement {id=f.E43CEDEA1A41F3F35DC2C88B5CFB43C2.d.4BC21D7554C4358F668E4A4D27F85D4A.e.130}]
Capabilities {acceptInsecureCerts: false, browserName: chrome, browserVersion: 124.0.6367.119, chrome: {chromedriverVersion: 124.0.6367.207 (a9001a6e39f..., userDataDir: C:\Users\Kamlakar\AppData\L...}, fedcm:accounts: true, goog:chromeOptions: {debuggerAddress: localhost:63512}, networkConnectionEnabled: false, pageLoadStrategy: normal, platformName: windows, proxy: Proxy(), se:cdp: ws://localhost:63512/devtoo..., se:cdpVersion: 124.0.6367.119, setWindowRect: true, strictFileInteractability: false, timeouts: {implicit: 0, pageLoad: 300000, script: 30000}, unhandledPromptBehavior: dismiss and notify, webauthn:extension:credBlob: true, webauthn:extension:largeBlob: true, webauthn:extension:minPinLength: true, webauthn:extension:prf: true, webauthn:virtualAuthenticators: true}
Element: [[ChromeDriver: chrome on windows (e9736c47cf5c33f0b8dccae331827cf8)] -&amp;gt; xpath: /html/body/app-root/app-layout/ng-sidebar-container/ng-sidebar/aside]
Session ID: e9736c47cf5c33f0b8dccae331827cf8">
      <![CDATA[org.openqa.selenium.ElementClickInterceptedException: element click intercepted: Element <aside _ngcontent-low-c106="" role="complementary" class="ng-sidebar ng-sidebar--opened ng-sidebar--left ng-sidebar--dock ng-sidebar--animate sidebar-panel" ng-reflect-ng-class="sidebar-panel" ng-reflect-ng-style="[object Object]" aria-hidden="false">...</aside> is not clickable at point (40, 270). Other element would receive the click: <div _ngcontent-low-c401="" class="ngx-overlay loading-foreground" style="background-color: rgba(255, 255, 255, 0.29); border-radius: 0px;">...</div>
  (Session info: chrome=124.0.6367.119)
Build info: version: '4.20.0', revision: '866c76ca80'
System info: os.name: 'Windows 10', os.arch: 'amd64', os.version: '10.0', java.version: '21.0.2'
Driver info: org.openqa.selenium.chrome.ChromeDriver
Command: [e9736c47cf5c33f0b8dccae331827cf8, clickElement {id=f.E43CEDEA1A41F3F35DC2C88B5CFB43C2.d.4BC21D7554C4358F668E4A4D27F85D4A.e.130}]
Capabilities {acceptInsecureCerts: false, browserName: chrome, browserVersion: 124.0.6367.119, chrome: {chromedriverVersion: 124.0.6367.207 (a9001a6e39f..., userDataDir: C:\Users\Kamlakar\AppData\L...}, fedcm:accounts: true, goog:chromeOptions: {debuggerAddress: localhost:63512}, networkConnectionEnabled: false, pageLoadStrategy: normal, platformName: windows, proxy: Proxy(), se:cdp: ws://localhost:63512/devtoo..., se:cdpVersion: 124.0.6367.119, setWindowRect: true, strictFileInteractability: false, timeouts: {implicit: 0, pageLoad: 300000, script: 30000}, unhandledPromptBehavior: dismiss and notify, webauthn:extension:credBlob: true, webauthn:extension:largeBlob: true, webauthn:extension:minPinLength: true, webauthn:extension:prf: true, webauthn:virtualAuthenticators: true}
Element: [[ChromeDriver: chrome on windows (e9736c47cf5c33f0b8dccae331827cf8)] -> xpath: /html/body/app-root/app-layout/ng-sidebar-container/ng-sidebar/aside]
Session ID: e9736c47cf5c33f0b8dccae331827cf8
at org.openqa.selenium.remote.ErrorCodec.decode(ErrorCodec.java:167)
at org.openqa.selenium.remote.codec.w3c.W3CHttpResponseCodec.decode(W3CHttpResponseCodec.java:138)
at org.openqa.selenium.remote.codec.w3c.W3CHttpResponseCodec.decode(W3CHttpResponseCodec.java:50)
at org.openqa.selenium.remote.HttpCommandExecutor.execute(HttpCommandExecutor.java:190)
at org.openqa.selenium.remote.service.DriverCommandExecutor.invokeExecute(DriverCommandExecutor.java:216)
at org.openqa.selenium.remote.service.DriverCommandExecutor.execute(DriverCommandExecutor.java:174)
at org.openqa.selenium.remote.RemoteWebDriver.execute(RemoteWebDriver.java:518)
at org.openqa.selenium.remote.RemoteWebElement.execute(RemoteWebElement.java:223)
at org.openqa.selenium.remote.RemoteWebElement.click(RemoteWebElement.java:76)
at LabPages.Submit_Result_VerificationSubmit.Print_worklist(Submit_Result_VerificationSubmit.java:835)
at LabTest.Result_Verification_Result_Approval_Print_worklist.TC_02_Result_Verification_Result_Approval_Print_worklist(Result_Verification_Result_Approval_Print_worklist.java:86)
at java.base/java.util.ArrayList.forEach(ArrayList.java:1596)
... Removed 29 stack frames]]>
    </failure>
  </testcase> <!-- TC_02_Result_Verification_Result_Approval_Print_worklist -->
</testsuite> <!-- Dispatch_screen_advanced_search -->
