<?xml version="1.0" encoding="UTF-8"?>
<!-- Generated by org.testng.reporters.JUnitXMLReporter -->
<testsuite ignored="0" hostname="HATI-SDG00096" failures="1" tests="2" name="Phlebotomy_Printand_submit_Pending_Outsource_Reprint_lab_form_barcode" time="36.585" errors="0" timestamp="2024-09-09T11:50:32 IST">
  <testcase classname="LabTest.Phlebotomy_Printand_submit_Pending_Outsource_Reprint_lab_form_barcode" name="TC_01_verify_That_User_Is_Able_To_Login_MedcareApplication" time="11.216"/>
  <testcase classname="LabTest.Phlebotomy_Printand_submit_Pending_Outsource_Reprint_lab_form_barcode" name="TC_02_Phlebotomy_Printand_submit_Pending_Outsource_Reprint_lab_form_barcode" time="14.32">
    <failure type="org.openqa.selenium.ElementClickInterceptedException" message="element click intercepted: Element &amp;lt;span _ngcontent-epj-c233=&amp;quot;&amp;quot;&amp;gt;...&amp;lt;/span&amp;gt; is not clickable at point (675, 233). Other element would receive the click: &amp;lt;div id=&amp;quot;cdk-overlay-1&amp;quot; class=&amp;quot;cdk-overlay-pane&amp;quot; style=&amp;quot;position: static;&amp;quot;&amp;gt;...&amp;lt;/div&amp;gt;
  (Session info: chrome=124.0.6367.119)
Build info: version: &amp;apos;4.20.0&amp;apos;, revision: &amp;apos;866c76ca80&amp;apos;
System info: os.name: &amp;apos;Windows 10&amp;apos;, os.arch: &amp;apos;amd64&amp;apos;, os.version: &amp;apos;10.0&amp;apos;, java.version: &amp;apos;21.0.2&amp;apos;
Driver info: org.openqa.selenium.chrome.ChromeDriver
Command: [5411c3ceae6862aa5d75fc4c4f089934, clickElement {id=f.6D2290D2F75F12C50527B3DEEFF273A0.d.4266D0BD40642674AA616B8D4C6BCB17.e.107}]
Capabilities {acceptInsecureCerts: false, browserName: chrome, browserVersion: 124.0.6367.119, chrome: {chromedriverVersion: 124.0.6367.207 (a9001a6e39f..., userDataDir: C:\Users\Kamlakar\AppData\L...}, fedcm:accounts: true, goog:chromeOptions: {debuggerAddress: localhost:61938}, networkConnectionEnabled: false, pageLoadStrategy: normal, platformName: windows, proxy: Proxy(), se:cdp: ws://localhost:61938/devtoo..., se:cdpVersion: 124.0.6367.119, setWindowRect: true, strictFileInteractability: false, timeouts: {implicit: 0, pageLoad: 300000, script: 30000}, unhandledPromptBehavior: dismiss and notify, webauthn:extension:credBlob: true, webauthn:extension:largeBlob: true, webauthn:extension:minPinLength: true, webauthn:extension:prf: true, webauthn:virtualAuthenticators: true}
Element: [[ChromeDriver: chrome on windows (5411c3ceae6862aa5d75fc4c4f089934)] -&amp;gt; xpath: //span[contains(text(),&amp;apos;Lab&amp;apos;)]]
Session ID: 5411c3ceae6862aa5d75fc4c4f089934">
      <![CDATA[org.openqa.selenium.ElementClickInterceptedException: element click intercepted: Element <span _ngcontent-epj-c233="">...</span> is not clickable at point (675, 233). Other element would receive the click: <div id="cdk-overlay-1" class="cdk-overlay-pane" style="position: static;">...</div>
  (Session info: chrome=124.0.6367.119)
Build info: version: '4.20.0', revision: '866c76ca80'
System info: os.name: 'Windows 10', os.arch: 'amd64', os.version: '10.0', java.version: '21.0.2'
Driver info: org.openqa.selenium.chrome.ChromeDriver
Command: [5411c3ceae6862aa5d75fc4c4f089934, clickElement {id=f.6D2290D2F75F12C50527B3DEEFF273A0.d.4266D0BD40642674AA616B8D4C6BCB17.e.107}]
Capabilities {acceptInsecureCerts: false, browserName: chrome, browserVersion: 124.0.6367.119, chrome: {chromedriverVersion: 124.0.6367.207 (a9001a6e39f..., userDataDir: C:\Users\Kamlakar\AppData\L...}, fedcm:accounts: true, goog:chromeOptions: {debuggerAddress: localhost:61938}, networkConnectionEnabled: false, pageLoadStrategy: normal, platformName: windows, proxy: Proxy(), se:cdp: ws://localhost:61938/devtoo..., se:cdpVersion: 124.0.6367.119, setWindowRect: true, strictFileInteractability: false, timeouts: {implicit: 0, pageLoad: 300000, script: 30000}, unhandledPromptBehavior: dismiss and notify, webauthn:extension:credBlob: true, webauthn:extension:largeBlob: true, webauthn:extension:minPinLength: true, webauthn:extension:prf: true, webauthn:virtualAuthenticators: true}
Element: [[ChromeDriver: chrome on windows (5411c3ceae6862aa5d75fc4c4f089934)] -> xpath: //span[contains(text(),'Lab')]]
Session ID: 5411c3ceae6862aa5d75fc4c4f089934
at org.openqa.selenium.remote.ErrorCodec.decode(ErrorCodec.java:167)
at org.openqa.selenium.remote.codec.w3c.W3CHttpResponseCodec.decode(W3CHttpResponseCodec.java:138)
at org.openqa.selenium.remote.codec.w3c.W3CHttpResponseCodec.decode(W3CHttpResponseCodec.java:50)
at org.openqa.selenium.remote.HttpCommandExecutor.execute(HttpCommandExecutor.java:190)
at org.openqa.selenium.remote.service.DriverCommandExecutor.invokeExecute(DriverCommandExecutor.java:216)
at org.openqa.selenium.remote.service.DriverCommandExecutor.execute(DriverCommandExecutor.java:174)
at org.openqa.selenium.remote.RemoteWebDriver.execute(RemoteWebDriver.java:518)
at org.openqa.selenium.remote.RemoteWebElement.execute(RemoteWebElement.java:223)
at org.openqa.selenium.remote.RemoteWebElement.click(RemoteWebElement.java:76)
at LabPages.Phlebotomy_Printand_submit_Pending_Outsource_Reprint_lab_form_barcode.OPD_REGISTRATION(Phlebotomy_Printand_submit_Pending_Outsource_Reprint_lab_form_barcode.java:352)
at LabTest.Phlebotomy_Printand_submit_Pending_Outsource_Reprint_lab_form_barcode.TC_02_Phlebotomy_Printand_submit_Pending_Outsource_Reprint_lab_form_barcode(Phlebotomy_Printand_submit_Pending_Outsource_Reprint_lab_form_barcode.java:49)
at java.base/java.util.ArrayList.forEach(ArrayList.java:1596)
... Removed 29 stack frames]]>
    </failure>
  </testcase> <!-- TC_02_Phlebotomy_Printand_submit_Pending_Outsource_Reprint_lab_form_barcode -->
</testsuite> <!-- Phlebotomy_Printand_submit_Pending_Outsource_Reprint_lab_form_barcode -->
