<?xml version="1.0" encoding="UTF-8"?>
<testng-results ignored="0" total="2" passed="1" failed="1" skipped="0">
  <reporter-output>
  </reporter-output>
  <suite started-at="2024-10-17T20:30:17 SGT" name="Default suite" finished-at="2024-10-17T20:31:40 SGT" duration-ms="82775">
    <groups>
    </groups>
    <test started-at="2024-10-17T20:30:17 SGT" name="Default test" finished-at="2024-10-17T20:31:40 SGT" duration-ms="82775">
      <class name="ClinicareTest.ER_Regitseration">
        <test-method is-config="true" signature="startBrowser()[pri:0, instance:ClinicareTest.ER_Regitseration@332796d3]" started-at="2024-10-17T20:30:17 SGT" name="startBrowser" finished-at="2024-10-17T20:30:56 SGT" duration-ms="38884" status="PASS">
          <reporter-output>
          </reporter-output>
        </test-method> <!-- startBrowser -->
        <test-method signature="TC_01_verify_That_User_Is_Able_To_Login_MedcareApplication()[pri:1, instance:ClinicareTest.ER_Regitseration@332796d3]" started-at="2024-10-17T20:30:56 SGT" name="TC_01_verify_That_User_Is_Able_To_Login_MedcareApplication" finished-at="2024-10-17T20:31:12 SGT" duration-ms="15754" status="PASS">
          <reporter-output>
          </reporter-output>
        </test-method> <!-- TC_01_verify_That_User_Is_Able_To_Login_MedcareApplication -->
        <test-method is-config="true" signature="FailedScreenShot(org.testng.ITestResult)[pri:0, instance:ClinicareTest.ER_Regitseration@332796d3]" started-at="2024-10-17T20:31:12 SGT" name="FailedScreenShot" finished-at="2024-10-17T20:31:12 SGT" duration-ms="15" status="PASS">
          <params>
            <param index="0">
              <value>
                <![CDATA[[TestResult name=TC_01_verify_That_User_Is_Able_To_Login_MedcareApplication status=SUCCESS method=ER_Regitseration.TC_01_verify_That_User_Is_Able_To_Login_MedcareApplication()[pri:1, instance:ClinicareTest.ER_Regitseration@332796d3] output={null}]]]>
              </value>
            </param>
          </params>
          <reporter-output>
          </reporter-output>
        </test-method> <!-- FailedScreenShot -->
        <test-method signature="TC_02_ER_PAC_Schedule_PAC_Anesthesia()[pri:2, instance:ClinicareTest.ER_Regitseration@332796d3]" started-at="2024-10-17T20:31:12 SGT" name="TC_02_ER_PAC_Schedule_PAC_Anesthesia" finished-at="2024-10-17T20:31:40 SGT" duration-ms="27505" status="FAIL">
          <exception class="org.openqa.selenium.ElementClickInterceptedException">
            <message>
              <![CDATA[element click intercepted: Element is not clickable at point (956, 595)
  (Session info: chrome=124.0.6367.119)
Build info: version: '4.20.0', revision: '866c76ca80'
System info: os.name: 'Windows 10', os.arch: 'amd64', os.version: '10.0', java.version: '21.0.2'
Driver info: org.openqa.selenium.chrome.ChromeDriver
Command: [19b79ce44f07e9cd67e8ac7f34357cc8, clickElement {id=f.A95D701AAC883A7AFACBDF360DE46579.d.C52CE77D3BDE87C3C34D20D2F66EDD65.e.125}]
Capabilities {acceptInsecureCerts: false, browserName: chrome, browserVersion: 124.0.6367.119, chrome: {chromedriverVersion: 124.0.6367.207 (a9001a6e39f..., userDataDir: C:\Users\Kamlakar\AppData\L...}, fedcm:accounts: true, goog:chromeOptions: {debuggerAddress: localhost:54525}, networkConnectionEnabled: false, pageLoadStrategy: normal, platformName: windows, proxy: Proxy(), se:cdp: ws://localhost:54525/devtoo..., se:cdpVersion: 124.0.6367.119, setWindowRect: true, strictFileInteractability: false, timeouts: {implicit: 0, pageLoad: 300000, script: 30000}, unhandledPromptBehavior: dismiss and notify, webauthn:extension:credBlob: true, webauthn:extension:largeBlob: true, webauthn:extension:minPinLength: true, webauthn:extension:prf: true, webauthn:virtualAuthenticators: true}
Element: [[ChromeDriver: chrome on windows (19b79ce44f07e9cd67e8ac7f34357cc8)] -> css selector: img[src='../../../assets/images/master-icons/ER.png']]
Session ID: 19b79ce44f07e9cd67e8ac7f34357cc8]]>
            </message>
            <full-stacktrace>
              <![CDATA[org.openqa.selenium.ElementClickInterceptedException: element click intercepted: Element is not clickable at point (956, 595)
  (Session info: chrome=124.0.6367.119)
Build info: version: '4.20.0', revision: '866c76ca80'
System info: os.name: 'Windows 10', os.arch: 'amd64', os.version: '10.0', java.version: '21.0.2'
Driver info: org.openqa.selenium.chrome.ChromeDriver
Command: [19b79ce44f07e9cd67e8ac7f34357cc8, clickElement {id=f.A95D701AAC883A7AFACBDF360DE46579.d.C52CE77D3BDE87C3C34D20D2F66EDD65.e.125}]
Capabilities {acceptInsecureCerts: false, browserName: chrome, browserVersion: 124.0.6367.119, chrome: {chromedriverVersion: 124.0.6367.207 (a9001a6e39f..., userDataDir: C:\Users\Kamlakar\AppData\L...}, fedcm:accounts: true, goog:chromeOptions: {debuggerAddress: localhost:54525}, networkConnectionEnabled: false, pageLoadStrategy: normal, platformName: windows, proxy: Proxy(), se:cdp: ws://localhost:54525/devtoo..., se:cdpVersion: 124.0.6367.119, setWindowRect: true, strictFileInteractability: false, timeouts: {implicit: 0, pageLoad: 300000, script: 30000}, unhandledPromptBehavior: dismiss and notify, webauthn:extension:credBlob: true, webauthn:extension:largeBlob: true, webauthn:extension:minPinLength: true, webauthn:extension:prf: true, webauthn:virtualAuthenticators: true}
Element: [[ChromeDriver: chrome on windows (19b79ce44f07e9cd67e8ac7f34357cc8)] -> css selector: img[src='../../../assets/images/master-icons/ER.png']]
Session ID: 19b79ce44f07e9cd67e8ac7f34357cc8
at java.base/jdk.internal.reflect.DirectConstructorHandleAccessor.newInstance(DirectConstructorHandleAccessor.java:62)
at java.base/java.lang.reflect.Constructor.newInstanceWithCaller(Constructor.java:502)
at java.base/java.lang.reflect.Constructor.newInstance(Constructor.java:486)
at org.openqa.selenium.remote.ErrorCodec.decode(ErrorCodec.java:167)
at org.openqa.selenium.remote.codec.w3c.W3CHttpResponseCodec.decode(W3CHttpResponseCodec.java:138)
at org.openqa.selenium.remote.codec.w3c.W3CHttpResponseCodec.decode(W3CHttpResponseCodec.java:50)
at org.openqa.selenium.remote.HttpCommandExecutor.execute(HttpCommandExecutor.java:190)
at org.openqa.selenium.remote.service.DriverCommandExecutor.invokeExecute(DriverCommandExecutor.java:216)
at org.openqa.selenium.remote.service.DriverCommandExecutor.execute(DriverCommandExecutor.java:174)
at org.openqa.selenium.remote.RemoteWebDriver.execute(RemoteWebDriver.java:518)
at org.openqa.selenium.remote.RemoteWebElement.execute(RemoteWebElement.java:223)
at org.openqa.selenium.remote.RemoteWebElement.click(RemoteWebElement.java:76)
at ClinicarePages.ER_Registration_Bay.ER_Registration_Bay(ER_Registration_Bay.java:827)
at ClinicareTest.ER_Regitseration.TC_02_ER_PAC_Schedule_PAC_Anesthesia(ER_Regitseration.java:72)
at java.base/jdk.internal.reflect.DirectMethodHandleAccessor.invoke(DirectMethodHandleAccessor.java:103)
at java.base/java.lang.reflect.Method.invoke(Method.java:580)
at org.testng.internal.invokers.MethodInvocationHelper.invokeMethod(MethodInvocationHelper.java:139)
at org.testng.internal.invokers.TestInvoker.invokeMethod(TestInvoker.java:664)
at org.testng.internal.invokers.TestInvoker.invokeTestMethod(TestInvoker.java:228)
at org.testng.internal.invokers.MethodRunner.runInSequence(MethodRunner.java:63)
at org.testng.internal.invokers.TestInvoker$MethodInvocationAgent.invoke(TestInvoker.java:961)
at org.testng.internal.invokers.TestInvoker.invokeTestMethods(TestInvoker.java:201)
at org.testng.internal.invokers.TestMethodWorker.invokeTestMethods(TestMethodWorker.java:148)
at org.testng.internal.invokers.TestMethodWorker.run(TestMethodWorker.java:128)
at java.base/java.util.ArrayList.forEach(ArrayList.java:1596)
at org.testng.TestRunner.privateRun(TestRunner.java:819)
at org.testng.TestRunner.run(TestRunner.java:619)
at org.testng.SuiteRunner.runTest(SuiteRunner.java:443)
at org.testng.SuiteRunner.runSequentially(SuiteRunner.java:437)
at org.testng.SuiteRunner.privateRun(SuiteRunner.java:397)
at org.testng.SuiteRunner.run(SuiteRunner.java:336)
at org.testng.SuiteRunnerWorker.runSuite(SuiteRunnerWorker.java:52)
at org.testng.SuiteRunnerWorker.run(SuiteRunnerWorker.java:95)
at org.testng.TestNG.runSuitesSequentially(TestNG.java:1301)
at org.testng.TestNG.runSuitesLocally(TestNG.java:1228)
at org.testng.TestNG.runSuites(TestNG.java:1134)
at org.testng.TestNG.run(TestNG.java:1101)
at org.testng.remote.AbstractRemoteTestNG.run(AbstractRemoteTestNG.java:115)
at org.testng.remote.RemoteTestNG.initAndRun(RemoteTestNG.java:251)
at org.testng.remote.RemoteTestNG.main(RemoteTestNG.java:77)
]]>
            </full-stacktrace>
          </exception> <!-- org.openqa.selenium.ElementClickInterceptedException -->
          <reporter-output>
          </reporter-output>
        </test-method> <!-- TC_02_ER_PAC_Schedule_PAC_Anesthesia -->
        <test-method is-config="true" signature="FailedScreenShot(org.testng.ITestResult)[pri:0, instance:ClinicareTest.ER_Regitseration@332796d3]" started-at="2024-10-17T20:31:40 SGT" name="FailedScreenShot" finished-at="2024-10-17T20:31:40 SGT" duration-ms="408" status="PASS">
          <params>
            <param index="0">
              <value>
                <![CDATA[[TestResult name=TC_02_ER_PAC_Schedule_PAC_Anesthesia status=FAILURE method=ER_Regitseration.TC_02_ER_PAC_Schedule_PAC_Anesthesia()[pri:2, instance:ClinicareTest.ER_Regitseration@332796d3] output={null}]]]>
              </value>
            </param>
          </params>
          <reporter-output>
          </reporter-output>
        </test-method> <!-- FailedScreenShot -->
        <test-method is-config="true" signature="afterTest()[pri:0, instance:ClinicareTest.ER_Regitseration@332796d3]" started-at="2024-10-17T20:31:40 SGT" name="afterTest" finished-at="2024-10-17T20:31:43 SGT" duration-ms="2655" status="PASS">
          <reporter-output>
          </reporter-output>
        </test-method> <!-- afterTest -->
      </class> <!-- ClinicareTest.ER_Regitseration -->
    </test> <!-- Default test -->
  </suite> <!-- Default suite -->
</testng-results>
