<?xml version="1.0" encoding="UTF-8"?>
<!-- Generated by org.testng.reporters.JUnitXMLReporter -->
<testsuite ignored="0" hostname="HATI-SDG00096" failures="1" tests="2" name="Dispatched_sample_processing_result_entry_result_validation_result_approval_report" time="100.316" errors="0" timestamp="2024-09-11T10:57:43 IST">
  <testcase classname="LabTest.Dispatched_sample_processing_result_entry_result_validation_result_approval_report" name="TC_01_verify_That_User_Is_Able_To_Login_MedcareApplication" time="12.677"/>
  <testcase classname="LabTest.Dispatched_sample_processing_result_entry_result_validation_result_approval_report" name="TC_04_Dispatched_sample_processing_result_entry_result_validation_result_approval_report" time="64.264">
    <failure type="org.openqa.selenium.ElementClickInterceptedException" message="element click intercepted: Element &amp;lt;mat-checkbox _ngcontent-akq-c571=&amp;quot;&amp;quot; data-automation-attribute=&amp;quot;chk-record&amp;quot; class=&amp;quot;mat-checkbox mat-accent ng-untouched ng-pristine ng-valid&amp;quot; id=&amp;quot;mat-checkbox-23&amp;quot;&amp;gt;...&amp;lt;/mat-checkbox&amp;gt; is not clickable at point (103, 237). Other element would receive the click: &amp;lt;a _ngcontent-akq-c140=&amp;quot;&amp;quot; appaccordiontoggle=&amp;quot;&amp;quot; class=&amp;quot;navigation-link parent ng-star-inserted&amp;quot; title=&amp;quot;Pathology&amp;quot; id=&amp;quot;22663&amp;quot; data-sequence=&amp;quot;3&amp;quot;&amp;gt;...&amp;lt;/a&amp;gt;
  (Session info: chrome=124.0.6367.119)
Build info: version: &amp;apos;4.20.0&amp;apos;, revision: &amp;apos;866c76ca80&amp;apos;
System info: os.name: &amp;apos;Windows 10&amp;apos;, os.arch: &amp;apos;amd64&amp;apos;, os.version: &amp;apos;10.0&amp;apos;, java.version: &amp;apos;21.0.2&amp;apos;
Driver info: org.openqa.selenium.chrome.ChromeDriver
Command: [b0e4f42d49ec01c97f5120c54344e1bb, clickElement {id=f.B0EBA53D88D169A2B5C921605A079CA3.d.2A5E17DF1D628F78A3C4D81FF1557C2E.e.288}]
Capabilities {acceptInsecureCerts: false, browserName: chrome, browserVersion: 124.0.6367.119, chrome: {chromedriverVersion: 124.0.6367.207 (a9001a6e39f..., userDataDir: C:\Users\Kamlakar\AppData\L...}, fedcm:accounts: true, goog:chromeOptions: {debuggerAddress: localhost:58348}, networkConnectionEnabled: false, pageLoadStrategy: normal, platformName: windows, proxy: Proxy(), se:cdp: ws://localhost:58348/devtoo..., se:cdpVersion: 124.0.6367.119, setWindowRect: true, strictFileInteractability: false, timeouts: {implicit: 0, pageLoad: 300000, script: 30000}, unhandledPromptBehavior: dismiss and notify, webauthn:extension:credBlob: true, webauthn:extension:largeBlob: true, webauthn:extension:minPinLength: true, webauthn:extension:prf: true, webauthn:virtualAuthenticators: true}
Element: [[ChromeDriver: chrome on windows (b0e4f42d49ec01c97f5120c54344e1bb)] -&amp;gt; xpath: /html/body/app-root/app-layout/ng-sidebar-container/div/div/mat-drawer-container/mat-drawer-content/div/div/app-dispatching/div[3]/div/mat-tab-group/div/mat-tab-body[1]/div/div[1]/mat-table/mat-row[1]/mat-cell[1]/mat-checkbox]
Session ID: b0e4f42d49ec01c97f5120c54344e1bb">
      <![CDATA[org.openqa.selenium.ElementClickInterceptedException: element click intercepted: Element <mat-checkbox _ngcontent-akq-c571="" data-automation-attribute="chk-record" class="mat-checkbox mat-accent ng-untouched ng-pristine ng-valid" id="mat-checkbox-23">...</mat-checkbox> is not clickable at point (103, 237). Other element would receive the click: <a _ngcontent-akq-c140="" appaccordiontoggle="" class="navigation-link parent ng-star-inserted" title="Pathology" id="22663" data-sequence="3">...</a>
  (Session info: chrome=124.0.6367.119)
Build info: version: '4.20.0', revision: '866c76ca80'
System info: os.name: 'Windows 10', os.arch: 'amd64', os.version: '10.0', java.version: '21.0.2'
Driver info: org.openqa.selenium.chrome.ChromeDriver
Command: [b0e4f42d49ec01c97f5120c54344e1bb, clickElement {id=f.B0EBA53D88D169A2B5C921605A079CA3.d.2A5E17DF1D628F78A3C4D81FF1557C2E.e.288}]
Capabilities {acceptInsecureCerts: false, browserName: chrome, browserVersion: 124.0.6367.119, chrome: {chromedriverVersion: 124.0.6367.207 (a9001a6e39f..., userDataDir: C:\Users\Kamlakar\AppData\L...}, fedcm:accounts: true, goog:chromeOptions: {debuggerAddress: localhost:58348}, networkConnectionEnabled: false, pageLoadStrategy: normal, platformName: windows, proxy: Proxy(), se:cdp: ws://localhost:58348/devtoo..., se:cdpVersion: 124.0.6367.119, setWindowRect: true, strictFileInteractability: false, timeouts: {implicit: 0, pageLoad: 300000, script: 30000}, unhandledPromptBehavior: dismiss and notify, webauthn:extension:credBlob: true, webauthn:extension:largeBlob: true, webauthn:extension:minPinLength: true, webauthn:extension:prf: true, webauthn:virtualAuthenticators: true}
Element: [[ChromeDriver: chrome on windows (b0e4f42d49ec01c97f5120c54344e1bb)] -> xpath: /html/body/app-root/app-layout/ng-sidebar-container/div/div/mat-drawer-container/mat-drawer-content/div/div/app-dispatching/div[3]/div/mat-tab-group/div/mat-tab-body[1]/div/div[1]/mat-table/mat-row[1]/mat-cell[1]/mat-checkbox]
Session ID: b0e4f42d49ec01c97f5120c54344e1bb
at org.openqa.selenium.remote.ErrorCodec.decode(ErrorCodec.java:167)
at org.openqa.selenium.remote.codec.w3c.W3CHttpResponseCodec.decode(W3CHttpResponseCodec.java:138)
at org.openqa.selenium.remote.codec.w3c.W3CHttpResponseCodec.decode(W3CHttpResponseCodec.java:50)
at org.openqa.selenium.remote.HttpCommandExecutor.execute(HttpCommandExecutor.java:190)
at org.openqa.selenium.remote.service.DriverCommandExecutor.invokeExecute(DriverCommandExecutor.java:216)
at org.openqa.selenium.remote.service.DriverCommandExecutor.execute(DriverCommandExecutor.java:174)
at org.openqa.selenium.remote.RemoteWebDriver.execute(RemoteWebDriver.java:518)
at org.openqa.selenium.remote.RemoteWebElement.execute(RemoteWebElement.java:223)
at org.openqa.selenium.remote.RemoteWebElement.click(RemoteWebElement.java:76)
at LabPages.Dispatched_same_unit_Reject_Sample_order.kk(Dispatched_same_unit_Reject_Sample_order.java:511)
at LabTest.Dispatched_sample_processing_result_entry_result_validation_result_approval_report.TC_04_Dispatched_sample_processing_result_entry_result_validation_result_approval_report(Dispatched_sample_processing_result_entry_result_validation_result_approval_report.java:76)
at java.base/java.util.ArrayList.forEach(ArrayList.java:1596)
... Removed 29 stack frames]]>
    </failure>
  </testcase> <!-- TC_04_Dispatched_sample_processing_result_entry_result_validation_result_approval_report -->
</testsuite> <!-- Dispatched_sample_processing_result_entry_result_validation_result_approval_report -->
