<html>
<head>
<title>TestNG:  Dispatched_sample_processing_result_entry_result_validation_result_approval_report</title>
<link href="../testng.css" rel="stylesheet" type="text/css" />
<link href="../my-testng.css" rel="stylesheet" type="text/css" />

<style type="text/css">
.log { display: none;} 
.stack-trace { display: none;} 
</style>
<script type="text/javascript">
<!--
function flip(e) {
  current = e.style.display;
  if (current == 'block') {
    e.style.display = 'none';
    return 0;
  }
  else {
    e.style.display = 'block';
    return 1;
  }
}

function toggleBox(szDivId, elem, msg1, msg2)
{
  var res = -1;  if (document.getElementById) {
    res = flip(document.getElementById(szDivId));
  }
  else if (document.all) {
    // this is the way old msie versions work
    res = flip(document.all[szDivId]);
  }
  if(elem) {
    if(res == 0) elem.innerHTML = msg1; else elem.innerHTML = msg2;
  }

}

function toggleAllBoxes() {
  if (document.getElementsByTagName) {
    d = document.getElementsByTagName('div');
    for (i = 0; i < d.length; i++) {
      if (d[i].className == 'log') {
        flip(d[i]);
      }
    }
  }
}

// -->
</script>

</head>
<body>
<h2 align='center'>Dispatched_sample_processing_result_entry_result_validation_result_approval_report</h2><table border='1' align="center">
<tr>
<td>Tests passed/Failed/Skipped:</td><td>1/1/0</td>
</tr><tr>
<td>Started on:</td><td>Wed Sep 11 10:56:03 IST 2024</td>
</tr>
<tr><td>Total time:</td><td>100 seconds (100316 ms)</td>
</tr><tr>
<td>Included groups:</td><td></td>
</tr><tr>
<td>Excluded groups:</td><td></td>
</tr>
</table><p/>
<small><i>(Hover the method name to see the test class name)</i></small><p/>
<table width='100%' border='1' class='invocation-failed'>
<tr><td colspan='4' align='center'><b>FAILED TESTS</b></td></tr>
<tr><td><b>Test method</b></td>
<td><b>Attribute(s)</b></td>
<td width="30%"><b>Exception</b></td>
<td width="10%"><b>Time (seconds)</b></td>
<td><b>Instance</b></td>
</tr>
<tr>
<td title='LabTest.Dispatched_sample_processing_result_entry_result_validation_result_approval_report.TC_04_Dispatched_sample_processing_result_entry_result_validation_result_approval_report()'><b>TC_04_Dispatched_sample_processing_result_entry_result_validation_result_approval_report</b><br>Test class: LabTest.Dispatched_sample_processing_result_entry_result_validation_result_approval_report</td>
<td><div><pre>org.openqa.selenium.ElementClickInterceptedException: element click intercepted: Element &lt;mat-checkbox _ngcontent-akq-c571=&quot;&quot; data-automation-attribute=&quot;chk-record&quot; class=&quot;mat-checkbox mat-accent ng-untouched ng-pristine ng-valid&quot; id=&quot;mat-checkbox-23&quot;&gt;...&lt;/mat-checkbox&gt; is not clickable at point (103, 237). Other element would receive the click: &lt;a _ngcontent-akq-c140=&quot;&quot; appaccordiontoggle=&quot;&quot; class=&quot;navigation-link parent ng-star-inserted&quot; title=&quot;Pathology&quot; id=&quot;22663&quot; data-sequence=&quot;3&quot;&gt;...&lt;/a&gt;
  (Session info: chrome=124.0.6367.119)
Build info: version: &apos;4.20.0&apos;, revision: &apos;866c76ca80&apos;
System info: os.name: &apos;Windows 10&apos;, os.arch: &apos;amd64&apos;, os.version: &apos;10.0&apos;, java.version: &apos;21.0.2&apos;
Driver info: org.openqa.selenium.chrome.ChromeDriver
Command: [b0e4f42d49ec01c97f5120c54344e1bb, clickElement {id=f.B0EBA53D88D169A2B5C921605A079CA3.d.2A5E17DF1D628F78A3C4D81FF1557C2E.e.288}]
Capabilities {acceptInsecureCerts: false, browserName: chrome, browserVersion: 124.0.6367.119, chrome: {chromedriverVersion: 124.0.6367.207 (a9001a6e39f..., userDataDir: C:\Users\Kamlakar\AppData\L...}, fedcm:accounts: true, goog:chromeOptions: {debuggerAddress: localhost:58348}, networkConnectionEnabled: false, pageLoadStrategy: normal, platformName: windows, proxy: Proxy(), se:cdp: ws://localhost:58348/devtoo..., se:cdpVersion: 124.0.6367.119, setWindowRect: true, strictFileInteractability: false, timeouts: {implicit: 0, pageLoad: 300000, script: 30000}, unhandledPromptBehavior: dismiss and notify, webauthn:extension:credBlob: true, webauthn:extension:largeBlob: true, webauthn:extension:minPinLength: true, webauthn:extension:prf: true, webauthn:virtualAuthenticators: true}
Element: [[ChromeDriver: chrome on windows (b0e4f42d49ec01c97f5120c54344e1bb)] -&gt; xpath: /html/body/app-root/app-layout/ng-sidebar-container/div/div/mat-drawer-container/mat-drawer-content/div/div/app-dispatching/div[3]/div/mat-tab-group/div/mat-tab-body[1]/div/div[1]/mat-table/mat-row[1]/mat-cell[1]/mat-checkbox]
Session ID: b0e4f42d49ec01c97f5120c54344e1bb
	at org.openqa.selenium.remote.ErrorCodec.decode(ErrorCodec.java:167)
	at org.openqa.selenium.remote.codec.w3c.W3CHttpResponseCodec.decode(W3CHttpResponseCodec.java:138)
	at org.openqa.selenium.remote.codec.w3c.W3CHttpResponseCodec.decode(W3CHttpResponseCodec.java:50)
	at org.openqa.selenium.remote.HttpCommandExecutor.execute(HttpCommandExecutor.java:190)
	at org.openqa.selenium.remote.service.DriverCommandExecutor.invokeExecute(DriverCommandExecutor.java:216)
	at org.openqa.selenium.remote.service.DriverCommandExecutor.execute(DriverCommandExecutor.java:174)
	at org.openqa.selenium.remote.RemoteWebDriver.execute(RemoteWebDriver.java:518)
	at org.openqa.selenium.remote.RemoteWebElement.execute(RemoteWebElement.java:223)
	at org.openqa.selenium.remote.RemoteWebElement.click(RemoteWebElement.java:76)
	at LabPages.Dispatched_same_unit_Reject_Sample_order.kk(Dispatched_same_unit_Reject_Sample_order.java:511)
	at LabTest.Dispatched_sample_processing_result_entry_result_validation_result_approval_report.TC_04_Dispatched_sample_processing_result_entry_result_validation_result_approval_report(Dispatched_sample_processing_result_entry_result_validation_result_approval_report.java:76)
	at java.base/java.util.ArrayList.forEach(ArrayList.java:1596)
... Removed 29 stack frames</pre></div><a href='#' onClick='toggleBox("stack-trace1749758430", this, "Click to show all stack frames", "Click to hide stack frames")'>Click to show all stack frames</a>
<div class='stack-trace' id='stack-trace1749758430'><pre>org.openqa.selenium.ElementClickInterceptedException: element click intercepted: Element &lt;mat-checkbox _ngcontent-akq-c571=&quot;&quot; data-automation-attribute=&quot;chk-record&quot; class=&quot;mat-checkbox mat-accent ng-untouched ng-pristine ng-valid&quot; id=&quot;mat-checkbox-23&quot;&gt;...&lt;/mat-checkbox&gt; is not clickable at point (103, 237). Other element would receive the click: &lt;a _ngcontent-akq-c140=&quot;&quot; appaccordiontoggle=&quot;&quot; class=&quot;navigation-link parent ng-star-inserted&quot; title=&quot;Pathology&quot; id=&quot;22663&quot; data-sequence=&quot;3&quot;&gt;...&lt;/a&gt;
  (Session info: chrome=124.0.6367.119)
Build info: version: &apos;4.20.0&apos;, revision: &apos;866c76ca80&apos;
System info: os.name: &apos;Windows 10&apos;, os.arch: &apos;amd64&apos;, os.version: &apos;10.0&apos;, java.version: &apos;21.0.2&apos;
Driver info: org.openqa.selenium.chrome.ChromeDriver
Command: [b0e4f42d49ec01c97f5120c54344e1bb, clickElement {id=f.B0EBA53D88D169A2B5C921605A079CA3.d.2A5E17DF1D628F78A3C4D81FF1557C2E.e.288}]
Capabilities {acceptInsecureCerts: false, browserName: chrome, browserVersion: 124.0.6367.119, chrome: {chromedriverVersion: 124.0.6367.207 (a9001a6e39f..., userDataDir: C:\Users\Kamlakar\AppData\L...}, fedcm:accounts: true, goog:chromeOptions: {debuggerAddress: localhost:58348}, networkConnectionEnabled: false, pageLoadStrategy: normal, platformName: windows, proxy: Proxy(), se:cdp: ws://localhost:58348/devtoo..., se:cdpVersion: 124.0.6367.119, setWindowRect: true, strictFileInteractability: false, timeouts: {implicit: 0, pageLoad: 300000, script: 30000}, unhandledPromptBehavior: dismiss and notify, webauthn:extension:credBlob: true, webauthn:extension:largeBlob: true, webauthn:extension:minPinLength: true, webauthn:extension:prf: true, webauthn:virtualAuthenticators: true}
Element: [[ChromeDriver: chrome on windows (b0e4f42d49ec01c97f5120c54344e1bb)] -&gt; xpath: /html/body/app-root/app-layout/ng-sidebar-container/div/div/mat-drawer-container/mat-drawer-content/div/div/app-dispatching/div[3]/div/mat-tab-group/div/mat-tab-body[1]/div/div[1]/mat-table/mat-row[1]/mat-cell[1]/mat-checkbox]
Session ID: b0e4f42d49ec01c97f5120c54344e1bb
	at java.base/jdk.internal.reflect.DirectConstructorHandleAccessor.newInstance(DirectConstructorHandleAccessor.java:62)
	at java.base/java.lang.reflect.Constructor.newInstanceWithCaller(Constructor.java:502)
	at java.base/java.lang.reflect.Constructor.newInstance(Constructor.java:486)
	at org.openqa.selenium.remote.ErrorCodec.decode(ErrorCodec.java:167)
	at org.openqa.selenium.remote.codec.w3c.W3CHttpResponseCodec.decode(W3CHttpResponseCodec.java:138)
	at org.openqa.selenium.remote.codec.w3c.W3CHttpResponseCodec.decode(W3CHttpResponseCodec.java:50)
	at org.openqa.selenium.remote.HttpCommandExecutor.execute(HttpCommandExecutor.java:190)
	at org.openqa.selenium.remote.service.DriverCommandExecutor.invokeExecute(DriverCommandExecutor.java:216)
	at org.openqa.selenium.remote.service.DriverCommandExecutor.execute(DriverCommandExecutor.java:174)
	at org.openqa.selenium.remote.RemoteWebDriver.execute(RemoteWebDriver.java:518)
	at org.openqa.selenium.remote.RemoteWebElement.execute(RemoteWebElement.java:223)
	at org.openqa.selenium.remote.RemoteWebElement.click(RemoteWebElement.java:76)
	at LabPages.Dispatched_same_unit_Reject_Sample_order.kk(Dispatched_same_unit_Reject_Sample_order.java:511)
	at LabTest.Dispatched_sample_processing_result_entry_result_validation_result_approval_report.TC_04_Dispatched_sample_processing_result_entry_result_validation_result_approval_report(Dispatched_sample_processing_result_entry_result_validation_result_approval_report.java:76)
	at java.base/jdk.internal.reflect.DirectMethodHandleAccessor.invoke(DirectMethodHandleAccessor.java:103)
	at java.base/java.lang.reflect.Method.invoke(Method.java:580)
	at org.testng.internal.invokers.MethodInvocationHelper.invokeMethod(MethodInvocationHelper.java:139)
	at org.testng.internal.invokers.TestInvoker.invokeMethod(TestInvoker.java:664)
	at org.testng.internal.invokers.TestInvoker.invokeTestMethod(TestInvoker.java:228)
	at org.testng.internal.invokers.MethodRunner.runInSequence(MethodRunner.java:63)
	at org.testng.internal.invokers.TestInvoker$MethodInvocationAgent.invoke(TestInvoker.java:961)
	at org.testng.internal.invokers.TestInvoker.invokeTestMethods(TestInvoker.java:201)
	at org.testng.internal.invokers.TestMethodWorker.invokeTestMethods(TestMethodWorker.java:148)
	at org.testng.internal.invokers.TestMethodWorker.run(TestMethodWorker.java:128)
	at java.base/java.util.ArrayList.forEach(ArrayList.java:1596)
	at org.testng.TestRunner.privateRun(TestRunner.java:819)
	at org.testng.TestRunner.run(TestRunner.java:619)
	at org.testng.SuiteRunner.runTest(SuiteRunner.java:443)
	at org.testng.SuiteRunner.runSequentially(SuiteRunner.java:437)
	at org.testng.SuiteRunner.privateRun(SuiteRunner.java:397)
	at org.testng.SuiteRunner.run(SuiteRunner.java:336)
	at org.testng.SuiteRunnerWorker.runSuite(SuiteRunnerWorker.java:52)
	at org.testng.SuiteRunnerWorker.run(SuiteRunnerWorker.java:95)
	at org.testng.TestNG.runSuitesSequentially(TestNG.java:1301)
	at org.testng.TestNG.runSuitesSequentially(TestNG.java:1296)
	at org.testng.TestNG.runSuitesLocally(TestNG.java:1228)
	at org.testng.TestNG.runSuites(TestNG.java:1134)
	at org.testng.TestNG.run(TestNG.java:1101)
	at org.testng.remote.AbstractRemoteTestNG.run(AbstractRemoteTestNG.java:115)
	at org.testng.remote.RemoteTestNG.initAndRun(RemoteTestNG.java:251)
	at org.testng.remote.RemoteTestNG.main(RemoteTestNG.java:77)
</pre></div></td>
<td>64</td>
<td>LabTest.Dispatched_sample_processing_result_entry_result_validation_result_approval_report@1c33c17b</td></tr>
</table><p>
<table width='100%' border='1' class='invocation-passed'>
<tr><td colspan='4' align='center'><b>PASSED TESTS</b></td></tr>
<tr><td><b>Test method</b></td>
<td><b>Attribute(s)</b></td>
<td width="30%"><b>Exception</b></td>
<td width="10%"><b>Time (seconds)</b></td>
<td><b>Instance</b></td>
</tr>
<tr>
<td title='LabTest.Dispatched_sample_processing_result_entry_result_validation_result_approval_report.TC_01_verify_That_User_Is_Able_To_Login_MedcareApplication()'><b>TC_01_verify_That_User_Is_Able_To_Login_MedcareApplication</b><br>Test class: LabTest.Dispatched_sample_processing_result_entry_result_validation_result_approval_report<br>Parameters: 10021234</td>
<td></td>
<td>12</td>
<td>LabTest.Dispatched_sample_processing_result_entry_result_validation_result_approval_report@1c33c17b</td></tr>
</table><p>
</body>
</html>