<?xml version="1.0" encoding="UTF-8"?>
<!-- Generated by org.testng.reporters.JUnitReportReporter -->
<testsuite hostname="HATI-SDG00096" failures="0" tests="2" name="LabTest.Enter_Critical_Result_Save_Click_back_Verify_color_code_Click_result_entry_Submit_Result_Validation_Save_submit" time="29.768" errors="1" timestamp="2024-09-09T12:16:22 IST" skipped="0">
  <testcase classname="LabTest.Enter_Critical_Result_Save_Click_back_Verify_color_code_Click_result_entry_Submit_Result_Validation_Save_submit" name="TC_01_verify_That_User_Is_Able_To_Login_MedcareApplication" time="16.292"/>
  <testcase classname="LabTest.Enter_Critical_Result_Save_Click_back_Verify_color_code_Click_result_entry_Submit_Result_Validation_Save_submit" name="TC_04_Enter_Normal_Result_Save_Click_backVerify_color_code_Click_result_entry_Submit_Result_Validation_Save_Submit" time="13.476">
    <error message="element click intercepted: Element &lt;mat-icon _ngcontent-pvk-c233=&quot;&quot; role=&quot;img&quot; aria-haspopup=&quot;true&quot; mattooltip=&quot;Menu&quot; class=&quot;mat-icon notranslate mat-tooltip-trigger mat-menu-trigger color-white menuModules mx-2 material-icons mat-icon-no-color&quot; aria-hidden=&quot;true&quot; ng-reflect-message=&quot;Menu&quot; aria-describedby=&quot;cdk-describedby-message-2&quot; cdk-describedby-host=&quot;0&quot; ng-reflect-menu=&quot;[object Object]&quot; data-mat-icon-type=&quot;font&quot;&gt;...&lt;/mat-icon&gt; is not clickable at point (1069, 36). Other element would receive the click: &lt;div _ngcontent-pvk-c401=&quot;&quot; class=&quot;ngx-overlay loading-foreground&quot; style=&quot;background-color: rgba(255, 255, 255, 0.29); border-radius: 0px;&quot;&gt;...&lt;/div&gt;
  (Session info: chrome=124.0.6367.119)
Build info: version: &#039;4.20.0&#039;, revision: &#039;866c76ca80&#039;
System info: os.name: &#039;Windows 10&#039;, os.arch: &#039;amd64&#039;, os.version: &#039;10.0&#039;, java.version: &#039;21.0.2&#039;
Driver info: org.openqa.selenium.chrome.ChromeDriver
Command: [93257d57b81b08093261323f47891f5a, clickElement {id=f.E203A40DE79CC0670DD55B07A235C91D.d.C6FFB186BC204D149FFEE81A76F13E16.e.100}]
Capabilities {acceptInsecureCerts: false, browserName: chrome, browserVersion: 124.0.6367.119, chrome: {chromedriverVersion: 124.0.6367.207 (a9001a6e39f..., userDataDir: C:\Users\Kamlakar\AppData\L...}, fedcm:accounts: true, goog:chromeOptions: {debuggerAddress: localhost:59968}, networkConnectionEnabled: false, pageLoadStrategy: normal, platformName: windows, proxy: Proxy(), se:cdp: ws://localhost:59968/devtoo..., se:cdpVersion: 124.0.6367.119, setWindowRect: true, strictFileInteractability: false, timeouts: {implicit: 0, pageLoad: 300000, script: 30000}, unhandledPromptBehavior: dismiss and notify, webauthn:extension:credBlob: true, webauthn:extension:largeBlob: true, webauthn:extension:minPinLength: true, webauthn:extension:prf: true, webauthn:virtualAuthenticators: true}
Element: [[ChromeDriver: chrome on windows (93257d57b81b08093261323f47891f5a)] -&gt; xpath: /html/body/app-root/app-layout/ng-sidebar-container/div/div/app-header/nav/mat-icon[1]]
Session ID: 93257d57b81b08093261323f47891f5a" type="org.openqa.selenium.ElementClickInterceptedException">
      <![CDATA[org.openqa.selenium.ElementClickInterceptedException: element click intercepted: Element <mat-icon _ngcontent-pvk-c233="" role="img" aria-haspopup="true" mattooltip="Menu" class="mat-icon notranslate mat-tooltip-trigger mat-menu-trigger color-white menuModules mx-2 material-icons mat-icon-no-color" aria-hidden="true" ng-reflect-message="Menu" aria-describedby="cdk-describedby-message-2" cdk-describedby-host="0" ng-reflect-menu="[object Object]" data-mat-icon-type="font">...</mat-icon> is not clickable at point (1069, 36). Other element would receive the click: <div _ngcontent-pvk-c401="" class="ngx-overlay loading-foreground" style="background-color: rgba(255, 255, 255, 0.29); border-radius: 0px;">...</div>
  (Session info: chrome=124.0.6367.119)
Build info: version: '4.20.0', revision: '866c76ca80'
System info: os.name: 'Windows 10', os.arch: 'amd64', os.version: '10.0', java.version: '21.0.2'
Driver info: org.openqa.selenium.chrome.ChromeDriver
Command: [93257d57b81b08093261323f47891f5a, clickElement {id=f.E203A40DE79CC0670DD55B07A235C91D.d.C6FFB186BC204D149FFEE81A76F13E16.e.100}]
Capabilities {acceptInsecureCerts: false, browserName: chrome, browserVersion: 124.0.6367.119, chrome: {chromedriverVersion: 124.0.6367.207 (a9001a6e39f..., userDataDir: C:\Users\Kamlakar\AppData\L...}, fedcm:accounts: true, goog:chromeOptions: {debuggerAddress: localhost:59968}, networkConnectionEnabled: false, pageLoadStrategy: normal, platformName: windows, proxy: Proxy(), se:cdp: ws://localhost:59968/devtoo..., se:cdpVersion: 124.0.6367.119, setWindowRect: true, strictFileInteractability: false, timeouts: {implicit: 0, pageLoad: 300000, script: 30000}, unhandledPromptBehavior: dismiss and notify, webauthn:extension:credBlob: true, webauthn:extension:largeBlob: true, webauthn:extension:minPinLength: true, webauthn:extension:prf: true, webauthn:virtualAuthenticators: true}
Element: [[ChromeDriver: chrome on windows (93257d57b81b08093261323f47891f5a)] -> xpath: /html/body/app-root/app-layout/ng-sidebar-container/div/div/app-header/nav/mat-icon[1]]
Session ID: 93257d57b81b08093261323f47891f5a
at java.base/jdk.internal.reflect.DirectConstructorHandleAccessor.newInstance(DirectConstructorHandleAccessor.java:62)
at java.base/java.lang.reflect.Constructor.newInstanceWithCaller(Constructor.java:502)
at java.base/java.lang.reflect.Constructor.newInstance(Constructor.java:486)
at org.openqa.selenium.remote.ErrorCodec.decode(ErrorCodec.java:167)
at org.openqa.selenium.remote.codec.w3c.W3CHttpResponseCodec.decode(W3CHttpResponseCodec.java:138)
at org.openqa.selenium.remote.codec.w3c.W3CHttpResponseCodec.decode(W3CHttpResponseCodec.java:50)
at org.openqa.selenium.remote.HttpCommandExecutor.execute(HttpCommandExecutor.java:190)
at org.openqa.selenium.remote.service.DriverCommandExecutor.invokeExecute(DriverCommandExecutor.java:216)
at org.openqa.selenium.remote.service.DriverCommandExecutor.execute(DriverCommandExecutor.java:174)
at org.openqa.selenium.remote.RemoteWebDriver.execute(RemoteWebDriver.java:518)
at org.openqa.selenium.remote.RemoteWebElement.execute(RemoteWebElement.java:223)
at org.openqa.selenium.remote.RemoteWebElement.click(RemoteWebElement.java:76)
at LabPages.enter_media_observation_identificationsave2.Enter_Critical_Result(enter_media_observation_identificationsave2.java:866)
at LabTest.Enter_Critical_Result_Save_Click_back_Verify_color_code_Click_result_entry_Submit_Result_Validation_Save_submit.TC_04_Enter_Normal_Result_Save_Click_backVerify_color_code_Click_result_entry_Submit_Result_Validation_Save_Submit(Enter_Critical_Result_Save_Click_back_Verify_color_code_Click_result_entry_Submit_Result_Validation_Save_submit.java:85)
at java.base/jdk.internal.reflect.DirectMethodHandleAccessor.invoke(DirectMethodHandleAccessor.java:103)
at java.base/java.lang.reflect.Method.invoke(Method.java:580)
at org.testng.internal.invokers.MethodInvocationHelper.invokeMethod(MethodInvocationHelper.java:139)
at org.testng.internal.invokers.TestInvoker.invokeMethod(TestInvoker.java:664)
at org.testng.internal.invokers.TestInvoker.invokeTestMethod(TestInvoker.java:228)
at org.testng.internal.invokers.MethodRunner.runInSequence(MethodRunner.java:63)
at org.testng.internal.invokers.TestInvoker$MethodInvocationAgent.invoke(TestInvoker.java:961)
at org.testng.internal.invokers.TestInvoker.invokeTestMethods(TestInvoker.java:201)
at org.testng.internal.invokers.TestMethodWorker.invokeTestMethods(TestMethodWorker.java:148)
at org.testng.internal.invokers.TestMethodWorker.run(TestMethodWorker.java:128)
at java.base/java.util.ArrayList.forEach(ArrayList.java:1596)
at org.testng.TestRunner.privateRun(TestRunner.java:819)
at org.testng.TestRunner.run(TestRunner.java:619)
at org.testng.SuiteRunner.runTest(SuiteRunner.java:443)
at org.testng.SuiteRunner.runSequentially(SuiteRunner.java:437)
at org.testng.SuiteRunner.privateRun(SuiteRunner.java:397)
at org.testng.SuiteRunner.run(SuiteRunner.java:336)
at org.testng.SuiteRunnerWorker.runSuite(SuiteRunnerWorker.java:52)
at org.testng.SuiteRunnerWorker.run(SuiteRunnerWorker.java:95)
at org.testng.TestNG.runSuitesSequentially(TestNG.java:1301)
at org.testng.TestNG.runSuitesSequentially(TestNG.java:1296)
at org.testng.TestNG.runSuitesLocally(TestNG.java:1228)
at org.testng.TestNG.runSuites(TestNG.java:1134)
at org.testng.TestNG.run(TestNG.java:1101)
at org.testng.remote.AbstractRemoteTestNG.run(AbstractRemoteTestNG.java:115)
at org.testng.remote.RemoteTestNG.initAndRun(RemoteTestNG.java:251)
at org.testng.remote.RemoteTestNG.main(RemoteTestNG.java:77)
]]>
    </error>
  </testcase> <!-- TC_04_Enter_Normal_Result_Save_Click_backVerify_color_code_Click_result_entry_Submit_Result_Validation_Save_Submit -->
</testsuite> <!-- LabTest.Enter_Critical_Result_Save_Click_back_Verify_color_code_Click_result_entry_Submit_Result_Validation_Save_submit -->
